[2025-09-22 18:07:58] [ERROR] Database init error: SQLSTATE[HY000] [14] unable to open database file
[2025-09-22 18:08:04] [ERROR] Database init error: SQLSTATE[HY000] [14] unable to open database file
[2025-09-22 18:08:04] [INFO] User root logged in
[2025-09-22 18:08:11] [ERROR] Database init error: SQLSTATE[HY000] [14] unable to open database file
[2025-09-22 18:08:40] [ERROR] Database init error: SQLSTATE[HY000] [14] unable to open database file
[2025-09-22 18:08:52] [ERROR] Database init error: SQLSTATE[HY000] [14] unable to open database file
[2025-09-22 18:08:54] [ERROR] Database init error: SQLSTATE[HY000] [14] unable to open database file
[2025-09-22 18:09:12] [ERROR] Database init error: SQLSTATE[HY000] [14] unable to open database file
[2025-09-22 18:09:12] [INFO] New service created: Малярные работы (ID: 1)
[2025-09-22 18:09:22] [ERROR] Database init error: SQLSTATE[HY000] [14] unable to open database file
[2025-09-22 18:09:37] [ERROR] Database init error: SQLSTATE[HY000] [14] unable to open database file
[2025-09-22 18:09:54] [ERROR] Database init error: SQLSTATE[HY000] [14] unable to open database file
[2025-09-22 18:10:33] [ERROR] Database init error: SQLSTATE[HY000] [14] unable to open database file
[2025-09-22 18:10:47] [INFO] User root logged out
[2025-09-22 18:10:50] [ERROR] Database init error: SQLSTATE[HY000] [14] unable to open database file
[2025-09-22 18:19:26] [ERROR] Database init error: SQLSTATE[HY000] [14] unable to open database file
[2025-09-22 18:19:32] [ERROR] Database init error: SQLSTATE[HY000] [14] unable to open database file
[2025-09-22 18:19:32] [INFO] User root logged in
[2025-09-22 18:19:36] [ERROR] Database init error: SQLSTATE[HY000] [14] unable to open database file
[2025-09-22 18:19:43] [ERROR] Database init error: SQLSTATE[HY000] [14] unable to open database file
[2025-09-22 18:19:48] [ERROR] Database init error: SQLSTATE[HY000] [14] unable to open database file
[2025-09-22 18:19:55] [ERROR] Database init error: SQLSTATE[HY000] [14] unable to open database file
[2025-09-22 18:19:55] [INFO] Service updated: Малярные работы (ID: 1)
[2025-09-22 18:20:04] [ERROR] Database init error: SQLSTATE[HY000] [14] unable to open database file
[2025-09-22 18:20:08] [ERROR] Database init error: SQLSTATE[HY000] [14] unable to open database file
[2025-09-22 18:20:20] [ERROR] Database init error: SQLSTATE[HY000] [14] unable to open database file
[2025-09-22 18:20:33] [ERROR] Database init error: SQLSTATE[HY000] [14] unable to open database file
[2025-09-22 18:20:45] [ERROR] Database init error: SQLSTATE[HY000] [14] unable to open database file
[2025-09-22 18:20:59] [ERROR] Database init error: SQLSTATE[HY000] [14] unable to open database file
[2025-09-22 18:20:59] [INFO] New portfolio project created: Ремонт квартиры в центре Франкфурта (ID: 1)
[2025-09-22 18:21:08] [ERROR] Database init error: SQLSTATE[HY000] [14] unable to open database file
[2025-09-22 18:21:13] [ERROR] Database init error: SQLSTATE[HY000] [14] unable to open database file
[2025-09-22 18:21:25] [ERROR] Database init error: SQLSTATE[HY000] [14] unable to open database file
[2025-09-22 18:21:25] [INFO] New review created: Анна Шмидт (ID: 1)
[2025-09-22 18:21:54] [ERROR] Database init error: SQLSTATE[HY000] [14] unable to open database file
[2025-09-22 18:21:59] [ERROR] Database init error: SQLSTATE[HY000] [14] unable to open database file
[2025-09-22 18:22:18] [ERROR] Database init error: SQLSTATE[HY000] [14] unable to open database file
[2025-09-22 18:22:30] [ERROR] Database init error: SQLSTATE[HY000] [14] unable to open database file
[2025-09-22 18:22:46] [ERROR] Database init error: SQLSTATE[HY000] [14] unable to open database file
[2025-09-22 18:22:46] [INFO] New blog post created: Как выбрать правильные материалы для ремонта квартиры (ID: 1)
[2025-09-22 18:23:12] [ERROR] Database init error: SQLSTATE[HY000] [14] unable to open database file
[2025-09-22 18:23:16] [ERROR] Database init error: SQLSTATE[HY000] [14] unable to open database file
[2025-09-22 18:23:25] [ERROR] Database init error: SQLSTATE[HY000] [14] unable to open database file
[2025-09-22 18:23:25] [INFO] New user created: editor (ID: 2)
[2025-09-22 18:23:50] [ERROR] Database init error: SQLSTATE[HY000] [14] unable to open database file
[2025-09-22 18:24:13] [ERROR] Database init error: SQLSTATE[HY000] [14] unable to open database file
[2025-09-22 18:25:17] [ERROR] Database init error: SQLSTATE[HY000] [14] unable to open database file
[2025-09-22 18:31:49] [ERROR] Database init error: SQLSTATE[HY000] [14] unable to open database file
[2025-09-22 18:32:03] [ERROR] Database init error: SQLSTATE[HY000] [14] unable to open database file
[2025-09-22 18:32:05] [ERROR] Database init error: SQLSTATE[HY000] [14] unable to open database file
[2025-09-22 18:32:07] [ERROR] Database init error: SQLSTATE[HY000] [14] unable to open database file
[2025-09-22 18:32:13] [ERROR] Database init error: SQLSTATE[HY000] [14] unable to open database file
[2025-09-22 18:32:46] [ERROR] Database init error: SQLSTATE[HY000] [14] unable to open database file
[2025-09-22 18:32:55] [ERROR] Database init error: SQLSTATE[HY000] [14] unable to open database file
[2025-09-22 18:33:02] [ERROR] Database init error: SQLSTATE[HY000] [14] unable to open database file
[2025-09-22 18:38:57] [ERROR] Database init error: SQLSTATE[HY000] [14] unable to open database file
[2025-09-22 18:38:59] [ERROR] Database init error: SQLSTATE[HY000] [14] unable to open database file
[2025-09-22 18:40:20] [ERROR] Database init error: SQLSTATE[HY000] [14] unable to open database file
[2025-09-22 18:40:23] [ERROR] Database init error: SQLSTATE[HY000] [14] unable to open database file
[2025-09-22 18:41:12] [ERROR] Database init error: SQLSTATE[HY000] [14] unable to open database file
[2025-09-22 18:41:12] [INFO] New service created: Укладка ламината (ID: 2)
[2025-09-22 18:41:45] [ERROR] Database init error: SQLSTATE[HY000] [14] unable to open database file
[2025-09-22 18:45:31] [ERROR] Database init error: SQLSTATE[HY000] [14] unable to open database file
[2025-09-22 18:45:31] [ERROR] Database init error: SQLSTATE[HY000] [14] unable to open database file
[2025-09-22 18:45:31] [ERROR] Database init error: SQLSTATE[HY000] [14] unable to open database file
[2025-09-22 18:45:37] [ERROR] Database init error: SQLSTATE[HY000] [14] unable to open database file
[2025-09-22 18:45:43] [ERROR] Database init error: SQLSTATE[HY000] [14] unable to open database file
[2025-09-22 18:45:49] [ERROR] Database init error: SQLSTATE[HY000] [14] unable to open database file
[2025-09-22 18:46:00] [ERROR] Database init error: SQLSTATE[HY000] [14] unable to open database file
[2025-09-22 18:46:54] [ERROR] Database init error: SQLSTATE[HY000] [14] unable to open database file
[2025-09-22 18:46:54] [INFO] New service created: Ремонт ванных комнат (ID: 3)
[2025-09-22 18:47:05] [ERROR] Database init error: SQLSTATE[HY000] [14] unable to open database file
[2025-09-22 18:47:05] [ERROR] Database init error: SQLSTATE[HY000] [14] unable to open database file
[2025-09-22 18:47:05] [ERROR] Database init error: SQLSTATE[HY000] [14] unable to open database file
[2025-09-22 22:02:54] [ERROR] Database init error: SQLSTATE[HY000] [14] unable to open database file
[2025-09-22 22:02:54] [ERROR] Database init error: SQLSTATE[HY000] [14] unable to open database file
[2025-09-22 22:02:54] [ERROR] Database init error: SQLSTATE[HY000] [14] unable to open database file
[2025-09-22 22:02:54] [ERROR] Database init error: SQLSTATE[HY000] [14] unable to open database file
[2025-09-22 22:03:02] [ERROR] Database init error: SQLSTATE[HY000] [14] unable to open database file
[2025-09-22 22:03:12] [ERROR] Database init error: SQLSTATE[HY000] [14] unable to open database file
[2025-09-22 22:03:24] [ERROR] Database init error: SQLSTATE[HY000] [14] unable to open database file
[2025-09-22 22:03:28] [ERROR] Database init error: SQLSTATE[HY000] [14] unable to open database file
[2025-09-22 22:03:32] [ERROR] Database init error: SQLSTATE[HY000] [14] unable to open database file
[2025-09-22 22:03:37] [ERROR] Database init error: SQLSTATE[HY000] [14] unable to open database file
[2025-09-22 22:03:39] [ERROR] Database init error: SQLSTATE[HY000] [14] unable to open database file
[2025-09-22 22:03:40] [ERROR] Database init error: SQLSTATE[HY000] [14] unable to open database file
[2025-09-22 22:03:57] [ERROR] Database init error: SQLSTATE[HY000] [14] unable to open database file
[2025-09-22 22:03:57] [ERROR] Database init error: SQLSTATE[HY000] [14] unable to open database file
[2025-09-22 22:03:57] [ERROR] Database init error: SQLSTATE[HY000] [14] unable to open database file
[2025-09-22 22:03:58] [ERROR] Database init error: SQLSTATE[HY000] [14] unable to open database file
[2025-09-22 22:04:03] [ERROR] Database init error: SQLSTATE[HY000] [14] unable to open database file
[2025-09-22 22:12:30] [ERROR] Database init error: SQLSTATE[HY000] [14] unable to open database file
[2025-09-22 22:12:33] [ERROR] Database init error: SQLSTATE[HY000] [14] unable to open database file
[2025-09-22 22:12:38] [ERROR] Database init error: SQLSTATE[HY000] [14] unable to open database file
[2025-09-22 22:12:41] [ERROR] Database init error: SQLSTATE[HY000] [14] unable to open database file
[2025-09-22 22:12:41] [ERROR] Database init error: SQLSTATE[HY000] [14] unable to open database file
[2025-09-22 22:12:41] [ERROR] Database init error: SQLSTATE[HY000] [14] unable to open database file
[2025-09-22 22:12:41] [ERROR] Database init error: SQLSTATE[HY000] [14] unable to open database file
[2025-09-22 22:12:55] [ERROR] Database init error: SQLSTATE[HY000] [14] unable to open database file
[2025-09-22 22:12:55] [ERROR] Database init error: SQLSTATE[HY000] [14] unable to open database file
[2025-09-22 22:12:57] [ERROR] Database init error: SQLSTATE[HY000] [14] unable to open database file
[2025-09-22 22:12:57] [ERROR] Database init error: SQLSTATE[HY000] [14] unable to open database file
[2025-09-22 22:13:08] [ERROR] Database init error: SQLSTATE[HY000] [14] unable to open database file
[2025-09-22 22:13:08] [ERROR] Database init error: SQLSTATE[HY000] [14] unable to open database file
[2025-09-22 22:13:08] [ERROR] Database init error: SQLSTATE[HY000] [14] unable to open database file
[2025-09-22 22:13:08] [ERROR] Database init error: SQLSTATE[HY000] [14] unable to open database file
[2025-09-22 22:13:08] [ERROR] Database init error: SQLSTATE[HY000] [14] unable to open database file
[2025-09-22 22:13:08] [ERROR] Database init error: SQLSTATE[HY000] [14] unable to open database file
[2025-09-22 22:13:13] [ERROR] Database init error: SQLSTATE[HY000] [14] unable to open database file
[2025-09-22 22:13:13] [ERROR] Database init error: SQLSTATE[HY000] [14] unable to open database file
[2025-09-22 22:13:13] [ERROR] Database init error: SQLSTATE[HY000] [14] unable to open database file
[2025-09-22 22:13:13] [ERROR] Database init error: SQLSTATE[HY000] [14] unable to open database file
[2025-09-22 22:13:13] [ERROR] Database init error: SQLSTATE[HY000] [14] unable to open database file
[2025-09-22 22:13:13] [ERROR] Database init error: SQLSTATE[HY000] [14] unable to open database file
[2025-09-22 22:13:14] [ERROR] Database init error: SQLSTATE[HY000] [14] unable to open database file
[2025-09-22 22:13:14] [ERROR] Database init error: SQLSTATE[HY000] [14] unable to open database file
[2025-09-22 22:13:14] [ERROR] Database init error: SQLSTATE[HY000] [14] unable to open database file
[2025-09-22 22:13:14] [ERROR] Database init error: SQLSTATE[HY000] [14] unable to open database file
[2025-09-22 22:13:14] [ERROR] Database init error: SQLSTATE[HY000] [14] unable to open database file
[2025-09-22 22:13:14] [ERROR] Database init error: SQLSTATE[HY000] [14] unable to open database file
[2025-09-22 22:13:15] [ERROR] Database init error: SQLSTATE[HY000] [14] unable to open database file
[2025-09-22 22:13:15] [ERROR] Database init error: SQLSTATE[HY000] [14] unable to open database file
[2025-09-22 22:13:15] [ERROR] Database init error: SQLSTATE[HY000] [14] unable to open database file
[2025-09-22 22:13:17] [ERROR] Database init error: SQLSTATE[HY000] [14] unable to open database file
[2025-09-22 22:13:18] [ERROR] Database init error: SQLSTATE[HY000] [14] unable to open database file
[2025-09-22 22:13:19] [ERROR] Database init error: SQLSTATE[HY000] [14] unable to open database file
[2025-09-22 22:13:19] [ERROR] Database init error: SQLSTATE[HY000] [14] unable to open database file
[2025-09-22 22:13:19] [ERROR] Database init error: SQLSTATE[HY000] [14] unable to open database file
[2025-09-22 22:15:34] [ERROR] Database init error: SQLSTATE[HY000] [14] unable to open database file
[2025-09-22 22:15:38] [ERROR] Database init error: SQLSTATE[HY000] [14] unable to open database file
[2025-09-22 22:15:44] [ERROR] Database init error: SQLSTATE[HY000] [14] unable to open database file
[2025-09-22 22:15:48] [ERROR] Database init error: SQLSTATE[HY000] [14] unable to open database file
[2025-09-22 22:17:44] [ERROR] Database init error: SQLSTATE[HY000] [14] unable to open database file
[2025-09-22 22:18:11] [ERROR] Database init error: SQLSTATE[HY000] [14] unable to open database file
[2025-09-22 22:18:15] [ERROR] Database init error: SQLSTATE[HY000] [14] unable to open database file
[2025-09-22 22:18:28] [ERROR] Database init error: SQLSTATE[HY000] [14] unable to open database file
[2025-09-22 22:21:04] [ERROR] Database init error: SQLSTATE[HY000] [14] unable to open database file
[2025-09-22 22:21:06] [ERROR] Database init error: SQLSTATE[HY000] [14] unable to open database file
[2025-09-22 22:21:12] [ERROR] Database init error: SQLSTATE[HY000] [14] unable to open database file
[2025-09-22 22:21:12] [ERROR] Database init error: SQLSTATE[HY000] [14] unable to open database file
[2025-09-22 22:21:12] [ERROR] Database init error: SQLSTATE[HY000] [14] unable to open database file
[2025-09-22 22:21:12] [ERROR] Database init error: SQLSTATE[HY000] [14] unable to open database file
[2025-09-22 22:21:12] [ERROR] Database init error: SQLSTATE[HY000] [14] unable to open database file
[2025-09-22 22:21:12] [ERROR] Database init error: SQLSTATE[HY000] [14] unable to open database file
[2025-09-22 22:21:12] [ERROR] Database init error: SQLSTATE[HY000] [14] unable to open database file
[2025-09-22 22:21:14] [ERROR] Database init error: SQLSTATE[HY000] [14] unable to open database file
[2025-09-22 22:21:14] [ERROR] Database init error: SQLSTATE[HY000] [14] unable to open database file
[2025-09-22 22:21:14] [ERROR] Database init error: SQLSTATE[HY000] [14] unable to open database file
[2025-09-22 22:27:34] [ERROR] Database init error: SQLSTATE[HY000] [14] unable to open database file
[2025-09-22 22:27:34] [ERROR] Database init error: SQLSTATE[HY000] [14] unable to open database file
[2025-09-22 22:27:35] [ERROR] Database init error: SQLSTATE[HY000] [14] unable to open database file
[2025-09-22 22:27:35] [ERROR] Database init error: SQLSTATE[HY000] [14] unable to open database file
[2025-09-22 22:27:40] [ERROR] Database init error: SQLSTATE[HY000] [14] unable to open database file
[2025-09-22 22:27:40] [ERROR] Database init error: SQLSTATE[HY000] [14] unable to open database file
[2025-09-22 22:27:42] [ERROR] Database init error: SQLSTATE[HY000] [14] unable to open database file
[2025-09-22 22:27:42] [ERROR] Database init error: SQLSTATE[HY000] [14] unable to open database file
[2025-09-22 22:28:01] [ERROR] Database init error: SQLSTATE[HY000] [14] unable to open database file
[2025-09-22 22:28:01] [ERROR] Database init error: SQLSTATE[HY000] [14] unable to open database file
[2025-09-22 22:28:01] [ERROR] Database init error: SQLSTATE[HY000] [14] unable to open database file
[2025-09-22 22:28:01] [ERROR] Database init error: SQLSTATE[HY000] [14] unable to open database file
[2025-09-22 22:28:01] [ERROR] Database init error: SQLSTATE[HY000] [14] unable to open database file
[2025-09-22 22:28:01] [ERROR] Database init error: SQLSTATE[HY000] [14] unable to open database file
[2025-09-22 22:29:42] [ERROR] Database init error: SQLSTATE[HY000] [14] unable to open database file
[2025-09-22 22:29:42] [ERROR] Database init error: SQLSTATE[HY000] [14] unable to open database file
[2025-09-22 22:29:42] [ERROR] Database init error: SQLSTATE[HY000] [14] unable to open database file
[2025-09-22 22:29:42] [ERROR] Database init error: SQLSTATE[HY000] [14] unable to open database file
[2025-09-22 22:29:42] [ERROR] Database init error: SQLSTATE[HY000] [14] unable to open database file
[2025-09-22 22:29:42] [ERROR] Database init error: SQLSTATE[HY000] [14] unable to open database file
[2025-09-22 22:29:42] [ERROR] Database init error: SQLSTATE[HY000] [14] unable to open database file
[2025-09-22 22:29:45] [ERROR] Database init error: SQLSTATE[HY000] [14] unable to open database file
[2025-09-22 22:29:45] [ERROR] Database init error: SQLSTATE[HY000] [14] unable to open database file
[2025-09-22 22:29:59] [ERROR] Database init error: SQLSTATE[HY000] [14] unable to open database file
[2025-09-22 22:30:02] [ERROR] Database init error: SQLSTATE[HY000] [14] unable to open database file
[2025-09-22 22:30:12] [ERROR] Database init error: SQLSTATE[HY000] [14] unable to open database file
[2025-09-22 22:30:16] [ERROR] Database init error: SQLSTATE[HY000] [14] unable to open database file
[2025-09-22 22:30:19] [ERROR] Database init error: SQLSTATE[HY000] [14] unable to open database file
[2025-09-22 22:30:27] [ERROR] Database init error: SQLSTATE[HY000] [14] unable to open database file
[2025-09-22 22:30:27] [ERROR] Database init error: SQLSTATE[HY000] [14] unable to open database file
[2025-09-22 22:30:35] [ERROR] Database init error: SQLSTATE[HY000] [14] unable to open database file
[2025-09-22 22:30:35] [INFO] User root logged in
[2025-09-22 22:30:35] [ERROR] Database init error: SQLSTATE[HY000] [14] unable to open database file
[2025-09-22 22:30:38] [ERROR] Database init error: SQLSTATE[HY000] [14] unable to open database file
[2025-09-22 22:30:42] [ERROR] Database init error: SQLSTATE[HY000] [14] unable to open database file
[2025-09-22 22:31:57] [ERROR] Database init error: SQLSTATE[HY000] [14] unable to open database file
[2025-09-22 22:31:57] [ERROR] Database init error: SQLSTATE[HY000] [14] unable to open database file
[2025-09-22 22:32:13] [ERROR] Database init error: SQLSTATE[HY000] [14] unable to open database file
[2025-09-22 22:32:30] [ERROR] Database init error: SQLSTATE[HY000] [14] unable to open database file
[2025-09-22 22:32:30] [ERROR] Database init error: SQLSTATE[HY000] [14] unable to open database file
[2025-09-22 22:32:52] [ERROR] Database init error: SQLSTATE[HY000] [14] unable to open database file
[2025-09-22 22:33:25] [ERROR] Database init error: SQLSTATE[HY000] [14] unable to open database file
[2025-09-22 22:34:55] [ERROR] Database init error: SQLSTATE[HY000] [14] unable to open database file
[2025-09-22 22:35:18] [ERROR] Database init error: SQLSTATE[HY000] [14] unable to open database file
[2025-09-22 22:35:18] [ERROR] Database init error: SQLSTATE[HY000] [14] unable to open database file
[2025-09-22 22:35:18] [ERROR] Database init error: SQLSTATE[HY000] [14] unable to open database file
[2025-09-22 22:35:18] [ERROR] Database init error: SQLSTATE[HY000] [14] unable to open database file
[2025-09-22 22:35:18] [ERROR] Database init error: SQLSTATE[HY000] [14] unable to open database file
[2025-09-22 22:35:18] [ERROR] Database init error: SQLSTATE[HY000] [14] unable to open database file
[2025-09-22 22:35:18] [ERROR] Database init error: SQLSTATE[HY000] [14] unable to open database file
[2025-09-22 22:35:20] [ERROR] Database init error: SQLSTATE[HY000] [14] unable to open database file
[2025-09-22 22:35:20] [ERROR] Database init error: SQLSTATE[HY000] [14] unable to open database file
[2025-09-22 22:35:20] [ERROR] Database init error: SQLSTATE[HY000] [14] unable to open database file
[2025-09-22 22:35:20] [ERROR] Database init error: SQLSTATE[HY000] [14] unable to open database file
[2025-09-22 22:35:22] [ERROR] Database init error: SQLSTATE[HY000] [14] unable to open database file
[2025-09-22 22:35:22] [ERROR] Database init error: SQLSTATE[HY000] [14] unable to open database file
[2025-09-22 22:35:22] [ERROR] Database init error: SQLSTATE[HY000] [14] unable to open database file
[2025-09-22 22:35:58] [ERROR] Database init error: SQLSTATE[HY000] [14] unable to open database file
[2025-09-22 22:38:33] [ERROR] Database init error: SQLSTATE[HY000] [14] unable to open database file
[2025-09-22 22:38:33] [ERROR] Database init error: SQLSTATE[HY000] [14] unable to open database file
[2025-09-22 22:38:37] [ERROR] Database init error: SQLSTATE[HY000] [14] unable to open database file
[2025-09-22 22:38:41] [ERROR] Database init error: SQLSTATE[HY000] [14] unable to open database file
[2025-09-22 22:39:41] [ERROR] Database init error: SQLSTATE[HY000] [14] unable to open database file
[2025-09-22 22:41:13] [ERROR] Database init error: SQLSTATE[HY000] [14] unable to open database file
[2025-09-22 22:41:37] [ERROR] Database init error: SQLSTATE[HY000] [14] unable to open database file
[2025-09-22 22:42:04] [ERROR] Error creating table users: SQLSTATE[HY000]: General error: 8 attempt to write a readonly database
[2025-09-22 22:42:04] [ERROR] Error creating table services: SQLSTATE[HY000]: General error: 8 attempt to write a readonly database
[2025-09-22 22:42:04] [ERROR] Error creating table portfolio: SQLSTATE[HY000]: General error: 8 attempt to write a readonly database
[2025-09-22 22:42:04] [ERROR] Error creating table reviews: SQLSTATE[HY000]: General error: 8 attempt to write a readonly database
[2025-09-22 22:42:04] [ERROR] Error creating table blog_posts: SQLSTATE[HY000]: General error: 8 attempt to write a readonly database
[2025-09-22 22:42:04] [ERROR] Error creating table activity_log: SQLSTATE[HY000]: General error: 8 attempt to write a readonly database
[2025-09-22 22:42:04] [ERROR] Error creating table settings: SQLSTATE[HY000]: General error: 8 attempt to write a readonly database
[2025-09-22 22:42:04] [ERROR] Select error: SQLSTATE[HY000]: General error: 1 no such table: users
[2025-09-22 22:42:04] [ERROR] Insert error: SQLSTATE[HY000]: General error: 1 no such table: users
[2025-09-22 22:42:04] [ERROR] Select error: SQLSTATE[HY000]: General error: 1 no such table: services
[2025-09-22 22:42:04] [ERROR] Insert error: SQLSTATE[HY000]: General error: 1 no such table: services
[2025-09-22 22:42:04] [ERROR] Insert error: SQLSTATE[HY000]: General error: 1 no such table: services
[2025-09-22 22:42:04] [ERROR] Insert error: SQLSTATE[HY000]: General error: 1 no such table: services
[2025-09-22 22:42:04] [ERROR] Insert error: SQLSTATE[HY000]: General error: 1 no such table: services
[2025-09-22 22:42:04] [ERROR] Insert error: SQLSTATE[HY000]: General error: 1 no such table: services
[2025-09-22 22:42:04] [ERROR] Insert error: SQLSTATE[HY000]: General error: 1 no such table: services
[2025-09-22 22:42:04] [ERROR] Select error: SQLSTATE[HY000]: General error: 1 no such table: portfolio
[2025-09-22 22:42:04] [ERROR] Insert error: SQLSTATE[HY000]: General error: 1 no such table: portfolio
[2025-09-22 22:42:04] [ERROR] Insert error: SQLSTATE[HY000]: General error: 1 no such table: portfolio
[2025-09-22 22:42:04] [ERROR] Insert error: SQLSTATE[HY000]: General error: 1 no such table: portfolio
[2025-09-22 22:42:04] [ERROR] Select error: SQLSTATE[HY000]: General error: 1 no such table: reviews
[2025-09-22 22:42:04] [ERROR] Insert error: SQLSTATE[HY000]: General error: 1 no such table: reviews
[2025-09-22 22:42:04] [ERROR] Insert error: SQLSTATE[HY000]: General error: 1 no such table: reviews
[2025-09-22 22:42:04] [ERROR] Insert error: SQLSTATE[HY000]: General error: 1 no such table: reviews
[2025-09-22 22:42:04] [ERROR] Insert error: SQLSTATE[HY000]: General error: 1 no such table: reviews
[2025-09-22 22:42:04] [ERROR] Insert error: SQLSTATE[HY000]: General error: 1 no such table: reviews
[2025-09-22 22:42:04] [ERROR] Insert error: SQLSTATE[HY000]: General error: 1 no such table: reviews
[2025-09-22 22:42:04] [ERROR] Select error: SQLSTATE[HY000]: General error: 1 no such table: blog_posts
[2025-09-22 22:42:04] [ERROR] Insert error: SQLSTATE[HY000]: General error: 1 no such table: blog_posts
[2025-09-22 22:42:04] [ERROR] Insert error: SQLSTATE[HY000]: General error: 1 no such table: blog_posts
[2025-09-22 22:42:04] [ERROR] Insert error: SQLSTATE[HY000]: General error: 1 no such table: blog_posts
[2025-09-22 22:42:04] [ERROR] Insert error: SQLSTATE[HY000]: General error: 1 no such table: blog_posts
[2025-09-22 22:42:04] [ERROR] Select error: SQLSTATE[HY000]: General error: 1 no such table: settings
[2025-09-22 22:42:04] [ERROR] Insert error: SQLSTATE[HY000]: General error: 1 no such table: settings
[2025-09-22 22:42:04] [ERROR] Insert error: SQLSTATE[HY000]: General error: 1 no such table: settings
[2025-09-22 22:42:04] [ERROR] Insert error: SQLSTATE[HY000]: General error: 1 no such table: settings
[2025-09-22 22:42:04] [ERROR] Insert error: SQLSTATE[HY000]: General error: 1 no such table: settings
[2025-09-22 22:42:04] [ERROR] Insert error: SQLSTATE[HY000]: General error: 1 no such table: settings
[2025-09-22 22:42:04] [ERROR] Insert error: SQLSTATE[HY000]: General error: 1 no such table: settings
[2025-09-22 22:42:04] [ERROR] Insert error: SQLSTATE[HY000]: General error: 1 no such table: settings
[2025-09-22 22:42:04] [ERROR] Insert error: SQLSTATE[HY000]: General error: 1 no such table: settings
[2025-09-22 22:42:04] [ERROR] Insert error: SQLSTATE[HY000]: General error: 1 no such table: settings
[2025-09-22 22:42:04] [ERROR] Insert error: SQLSTATE[HY000]: General error: 1 no such table: settings
[2025-09-22 22:42:04] [ERROR] Insert error: SQLSTATE[HY000]: General error: 1 no such table: settings
[2025-09-22 22:42:04] [ERROR] Insert error: SQLSTATE[HY000]: General error: 1 no such table: settings
[2025-09-22 22:42:04] [ERROR] Insert error: SQLSTATE[HY000]: General error: 1 no such table: settings
[2025-09-22 22:42:04] [ERROR] Insert error: SQLSTATE[HY000]: General error: 1 no such table: settings
[2025-09-22 22:42:20] [ERROR] Error creating table users: SQLSTATE[HY000]: General error: 8 attempt to write a readonly database
[2025-09-22 22:42:20] [ERROR] Error creating table services: SQLSTATE[HY000]: General error: 8 attempt to write a readonly database
[2025-09-22 22:42:20] [ERROR] Error creating table portfolio: SQLSTATE[HY000]: General error: 8 attempt to write a readonly database
[2025-09-22 22:42:20] [ERROR] Error creating table reviews: SQLSTATE[HY000]: General error: 8 attempt to write a readonly database
[2025-09-22 22:42:20] [ERROR] Error creating table blog_posts: SQLSTATE[HY000]: General error: 8 attempt to write a readonly database
[2025-09-22 22:42:20] [ERROR] Error creating table activity_log: SQLSTATE[HY000]: General error: 8 attempt to write a readonly database
[2025-09-22 22:42:20] [ERROR] Error creating table settings: SQLSTATE[HY000]: General error: 8 attempt to write a readonly database
[2025-09-22 22:42:20] [ERROR] Select error: SQLSTATE[HY000]: General error: 1 no such table: users
[2025-09-22 22:42:20] [ERROR] Insert error: SQLSTATE[HY000]: General error: 1 no such table: users
[2025-09-22 22:42:20] [ERROR] Select error: SQLSTATE[HY000]: General error: 1 no such table: services
[2025-09-22 22:42:20] [ERROR] Insert error: SQLSTATE[HY000]: General error: 1 no such table: services
[2025-09-22 22:42:20] [ERROR] Insert error: SQLSTATE[HY000]: General error: 1 no such table: services
[2025-09-22 22:42:20] [ERROR] Insert error: SQLSTATE[HY000]: General error: 1 no such table: services
[2025-09-22 22:42:20] [ERROR] Insert error: SQLSTATE[HY000]: General error: 1 no such table: services
[2025-09-22 22:42:20] [ERROR] Insert error: SQLSTATE[HY000]: General error: 1 no such table: services
[2025-09-22 22:42:20] [ERROR] Insert error: SQLSTATE[HY000]: General error: 1 no such table: services
[2025-09-22 22:42:20] [ERROR] Select error: SQLSTATE[HY000]: General error: 1 no such table: portfolio
[2025-09-22 22:42:20] [ERROR] Insert error: SQLSTATE[HY000]: General error: 1 no such table: portfolio
[2025-09-22 22:42:20] [ERROR] Insert error: SQLSTATE[HY000]: General error: 1 no such table: portfolio
[2025-09-22 22:42:20] [ERROR] Insert error: SQLSTATE[HY000]: General error: 1 no such table: portfolio
[2025-09-22 22:42:20] [ERROR] Select error: SQLSTATE[HY000]: General error: 1 no such table: reviews
[2025-09-22 22:42:20] [ERROR] Insert error: SQLSTATE[HY000]: General error: 1 no such table: reviews
[2025-09-22 22:42:20] [ERROR] Insert error: SQLSTATE[HY000]: General error: 1 no such table: reviews
[2025-09-22 22:42:20] [ERROR] Insert error: SQLSTATE[HY000]: General error: 1 no such table: reviews
[2025-09-22 22:42:20] [ERROR] Insert error: SQLSTATE[HY000]: General error: 1 no such table: reviews
[2025-09-22 22:42:20] [ERROR] Insert error: SQLSTATE[HY000]: General error: 1 no such table: reviews
[2025-09-22 22:42:20] [ERROR] Insert error: SQLSTATE[HY000]: General error: 1 no such table: reviews
[2025-09-22 22:42:20] [ERROR] Select error: SQLSTATE[HY000]: General error: 1 no such table: blog_posts
[2025-09-22 22:42:20] [ERROR] Insert error: SQLSTATE[HY000]: General error: 1 no such table: blog_posts
[2025-09-22 22:42:20] [ERROR] Insert error: SQLSTATE[HY000]: General error: 1 no such table: blog_posts
[2025-09-22 22:42:20] [ERROR] Insert error: SQLSTATE[HY000]: General error: 1 no such table: blog_posts
[2025-09-22 22:42:20] [ERROR] Insert error: SQLSTATE[HY000]: General error: 1 no such table: blog_posts
[2025-09-22 22:42:20] [ERROR] Select error: SQLSTATE[HY000]: General error: 1 no such table: settings
[2025-09-22 22:42:20] [ERROR] Insert error: SQLSTATE[HY000]: General error: 1 no such table: settings
[2025-09-22 22:42:20] [ERROR] Insert error: SQLSTATE[HY000]: General error: 1 no such table: settings
[2025-09-22 22:42:20] [ERROR] Insert error: SQLSTATE[HY000]: General error: 1 no such table: settings
[2025-09-22 22:42:20] [ERROR] Insert error: SQLSTATE[HY000]: General error: 1 no such table: settings
[2025-09-22 22:42:20] [ERROR] Insert error: SQLSTATE[HY000]: General error: 1 no such table: settings
[2025-09-22 22:42:20] [ERROR] Insert error: SQLSTATE[HY000]: General error: 1 no such table: settings
[2025-09-22 22:42:20] [ERROR] Insert error: SQLSTATE[HY000]: General error: 1 no such table: settings
[2025-09-22 22:42:20] [ERROR] Insert error: SQLSTATE[HY000]: General error: 1 no such table: settings
[2025-09-22 22:42:20] [ERROR] Insert error: SQLSTATE[HY000]: General error: 1 no such table: settings
[2025-09-22 22:42:20] [ERROR] Insert error: SQLSTATE[HY000]: General error: 1 no such table: settings
[2025-09-22 22:42:20] [ERROR] Insert error: SQLSTATE[HY000]: General error: 1 no such table: settings
[2025-09-22 22:42:20] [ERROR] Insert error: SQLSTATE[HY000]: General error: 1 no such table: settings
[2025-09-22 22:42:20] [ERROR] Insert error: SQLSTATE[HY000]: General error: 1 no such table: settings
[2025-09-22 22:42:20] [ERROR] Insert error: SQLSTATE[HY000]: General error: 1 no such table: settings
[2025-09-22 22:43:36] [ERROR] Error creating table users: SQLSTATE[HY000]: General error: 8 attempt to write a readonly database
[2025-09-22 22:43:36] [ERROR] Error creating table services: SQLSTATE[HY000]: General error: 8 attempt to write a readonly database
[2025-09-22 22:43:36] [ERROR] Error creating table portfolio: SQLSTATE[HY000]: General error: 8 attempt to write a readonly database
[2025-09-22 22:43:36] [ERROR] Error creating table reviews: SQLSTATE[HY000]: General error: 8 attempt to write a readonly database
[2025-09-22 22:43:36] [ERROR] Error creating table blog_posts: SQLSTATE[HY000]: General error: 8 attempt to write a readonly database
[2025-09-22 22:43:36] [ERROR] Error creating table activity_log: SQLSTATE[HY000]: General error: 8 attempt to write a readonly database
[2025-09-22 22:43:36] [ERROR] Error creating table settings: SQLSTATE[HY000]: General error: 8 attempt to write a readonly database
[2025-09-22 22:43:36] [ERROR] Select error: SQLSTATE[HY000]: General error: 1 no such table: users
[2025-09-22 22:43:36] [ERROR] Insert error: SQLSTATE[HY000]: General error: 1 no such table: users
[2025-09-22 22:43:36] [ERROR] Select error: SQLSTATE[HY000]: General error: 1 no such table: services
[2025-09-22 22:43:36] [ERROR] Insert error: SQLSTATE[HY000]: General error: 1 no such table: services
[2025-09-22 22:43:36] [ERROR] Insert error: SQLSTATE[HY000]: General error: 1 no such table: services
[2025-09-22 22:43:36] [ERROR] Insert error: SQLSTATE[HY000]: General error: 1 no such table: services
[2025-09-22 22:43:36] [ERROR] Insert error: SQLSTATE[HY000]: General error: 1 no such table: services
[2025-09-22 22:43:36] [ERROR] Insert error: SQLSTATE[HY000]: General error: 1 no such table: services
[2025-09-22 22:43:36] [ERROR] Insert error: SQLSTATE[HY000]: General error: 1 no such table: services
[2025-09-22 22:43:36] [ERROR] Select error: SQLSTATE[HY000]: General error: 1 no such table: portfolio
[2025-09-22 22:43:36] [ERROR] Insert error: SQLSTATE[HY000]: General error: 1 no such table: portfolio
[2025-09-22 22:43:36] [ERROR] Insert error: SQLSTATE[HY000]: General error: 1 no such table: portfolio
[2025-09-22 22:43:36] [ERROR] Insert error: SQLSTATE[HY000]: General error: 1 no such table: portfolio
[2025-09-22 22:43:36] [ERROR] Select error: SQLSTATE[HY000]: General error: 1 no such table: reviews
[2025-09-22 22:43:36] [ERROR] Insert error: SQLSTATE[HY000]: General error: 1 no such table: reviews
[2025-09-22 22:43:36] [ERROR] Insert error: SQLSTATE[HY000]: General error: 1 no such table: reviews
[2025-09-22 22:43:36] [ERROR] Insert error: SQLSTATE[HY000]: General error: 1 no such table: reviews
[2025-09-22 22:43:36] [ERROR] Insert error: SQLSTATE[HY000]: General error: 1 no such table: reviews
[2025-09-22 22:43:36] [ERROR] Insert error: SQLSTATE[HY000]: General error: 1 no such table: reviews
[2025-09-22 22:43:36] [ERROR] Insert error: SQLSTATE[HY000]: General error: 1 no such table: reviews
[2025-09-22 22:43:36] [ERROR] Select error: SQLSTATE[HY000]: General error: 1 no such table: blog_posts
[2025-09-22 22:43:36] [ERROR] Insert error: SQLSTATE[HY000]: General error: 1 no such table: blog_posts
[2025-09-22 22:43:36] [ERROR] Insert error: SQLSTATE[HY000]: General error: 1 no such table: blog_posts
[2025-09-22 22:43:36] [ERROR] Insert error: SQLSTATE[HY000]: General error: 1 no such table: blog_posts
[2025-09-22 22:43:36] [ERROR] Insert error: SQLSTATE[HY000]: General error: 1 no such table: blog_posts
[2025-09-22 22:43:36] [ERROR] Select error: SQLSTATE[HY000]: General error: 1 no such table: settings
[2025-09-22 22:43:36] [ERROR] Insert error: SQLSTATE[HY000]: General error: 1 no such table: settings
[2025-09-22 22:43:36] [ERROR] Insert error: SQLSTATE[HY000]: General error: 1 no such table: settings
[2025-09-22 22:43:36] [ERROR] Insert error: SQLSTATE[HY000]: General error: 1 no such table: settings
[2025-09-22 22:43:36] [ERROR] Insert error: SQLSTATE[HY000]: General error: 1 no such table: settings
[2025-09-22 22:43:36] [ERROR] Insert error: SQLSTATE[HY000]: General error: 1 no such table: settings
[2025-09-22 22:43:36] [ERROR] Insert error: SQLSTATE[HY000]: General error: 1 no such table: settings
[2025-09-22 22:43:36] [ERROR] Insert error: SQLSTATE[HY000]: General error: 1 no such table: settings
[2025-09-22 22:43:36] [ERROR] Insert error: SQLSTATE[HY000]: General error: 1 no such table: settings
[2025-09-22 22:43:36] [ERROR] Insert error: SQLSTATE[HY000]: General error: 1 no such table: settings
[2025-09-22 22:43:36] [ERROR] Insert error: SQLSTATE[HY000]: General error: 1 no such table: settings
[2025-09-22 22:43:36] [ERROR] Insert error: SQLSTATE[HY000]: General error: 1 no such table: settings
[2025-09-22 22:43:36] [ERROR] Insert error: SQLSTATE[HY000]: General error: 1 no such table: settings
[2025-09-22 22:43:36] [ERROR] Insert error: SQLSTATE[HY000]: General error: 1 no such table: settings
[2025-09-22 22:43:36] [ERROR] Insert error: SQLSTATE[HY000]: General error: 1 no such table: settings
[2025-09-22 22:43:50] [ERROR] Error creating table users: SQLSTATE[HY000]: General error: 8 attempt to write a readonly database
[2025-09-22 22:43:50] [ERROR] Error creating table services: SQLSTATE[HY000]: General error: 8 attempt to write a readonly database
[2025-09-22 22:43:50] [ERROR] Error creating table portfolio: SQLSTATE[HY000]: General error: 8 attempt to write a readonly database
[2025-09-22 22:43:50] [ERROR] Error creating table reviews: SQLSTATE[HY000]: General error: 8 attempt to write a readonly database
[2025-09-22 22:43:50] [ERROR] Error creating table blog_posts: SQLSTATE[HY000]: General error: 8 attempt to write a readonly database
[2025-09-22 22:43:50] [ERROR] Error creating table activity_log: SQLSTATE[HY000]: General error: 8 attempt to write a readonly database
[2025-09-22 22:43:50] [ERROR] Error creating table settings: SQLSTATE[HY000]: General error: 8 attempt to write a readonly database
[2025-09-22 22:43:50] [ERROR] Select error: SQLSTATE[HY000]: General error: 1 no such table: users
[2025-09-22 22:43:50] [ERROR] Insert error: SQLSTATE[HY000]: General error: 1 no such table: users
[2025-09-22 22:43:50] [ERROR] Select error: SQLSTATE[HY000]: General error: 1 no such table: services
[2025-09-22 22:43:50] [ERROR] Insert error: SQLSTATE[HY000]: General error: 1 no such table: services
[2025-09-22 22:43:50] [ERROR] Insert error: SQLSTATE[HY000]: General error: 1 no such table: services
[2025-09-22 22:43:50] [ERROR] Insert error: SQLSTATE[HY000]: General error: 1 no such table: services
[2025-09-22 22:43:50] [ERROR] Insert error: SQLSTATE[HY000]: General error: 1 no such table: services
[2025-09-22 22:43:50] [ERROR] Insert error: SQLSTATE[HY000]: General error: 1 no such table: services
[2025-09-22 22:43:50] [ERROR] Insert error: SQLSTATE[HY000]: General error: 1 no such table: services
[2025-09-22 22:43:50] [ERROR] Select error: SQLSTATE[HY000]: General error: 1 no such table: portfolio
[2025-09-22 22:43:50] [ERROR] Insert error: SQLSTATE[HY000]: General error: 1 no such table: portfolio
[2025-09-22 22:43:50] [ERROR] Insert error: SQLSTATE[HY000]: General error: 1 no such table: portfolio
[2025-09-22 22:43:50] [ERROR] Insert error: SQLSTATE[HY000]: General error: 1 no such table: portfolio
[2025-09-22 22:43:50] [ERROR] Select error: SQLSTATE[HY000]: General error: 1 no such table: reviews
[2025-09-22 22:43:50] [ERROR] Insert error: SQLSTATE[HY000]: General error: 1 no such table: reviews
[2025-09-22 22:43:50] [ERROR] Insert error: SQLSTATE[HY000]: General error: 1 no such table: reviews
[2025-09-22 22:43:50] [ERROR] Insert error: SQLSTATE[HY000]: General error: 1 no such table: reviews
[2025-09-22 22:43:50] [ERROR] Insert error: SQLSTATE[HY000]: General error: 1 no such table: reviews
[2025-09-22 22:43:50] [ERROR] Insert error: SQLSTATE[HY000]: General error: 1 no such table: reviews
[2025-09-22 22:43:50] [ERROR] Insert error: SQLSTATE[HY000]: General error: 1 no such table: reviews
[2025-09-22 22:43:50] [ERROR] Select error: SQLSTATE[HY000]: General error: 1 no such table: blog_posts
[2025-09-22 22:43:50] [ERROR] Insert error: SQLSTATE[HY000]: General error: 1 no such table: blog_posts
[2025-09-22 22:43:50] [ERROR] Insert error: SQLSTATE[HY000]: General error: 1 no such table: blog_posts
[2025-09-22 22:43:50] [ERROR] Insert error: SQLSTATE[HY000]: General error: 1 no such table: blog_posts
[2025-09-22 22:43:50] [ERROR] Insert error: SQLSTATE[HY000]: General error: 1 no such table: blog_posts
[2025-09-22 22:43:50] [ERROR] Select error: SQLSTATE[HY000]: General error: 1 no such table: settings
[2025-09-22 22:43:50] [ERROR] Insert error: SQLSTATE[HY000]: General error: 1 no such table: settings
[2025-09-22 22:43:50] [ERROR] Insert error: SQLSTATE[HY000]: General error: 1 no such table: settings
[2025-09-22 22:43:50] [ERROR] Insert error: SQLSTATE[HY000]: General error: 1 no such table: settings
[2025-09-22 22:43:50] [ERROR] Insert error: SQLSTATE[HY000]: General error: 1 no such table: settings
[2025-09-22 22:43:50] [ERROR] Insert error: SQLSTATE[HY000]: General error: 1 no such table: settings
[2025-09-22 22:43:50] [ERROR] Insert error: SQLSTATE[HY000]: General error: 1 no such table: settings
[2025-09-22 22:43:50] [ERROR] Insert error: SQLSTATE[HY000]: General error: 1 no such table: settings
[2025-09-22 22:43:50] [ERROR] Insert error: SQLSTATE[HY000]: General error: 1 no such table: settings
[2025-09-22 22:43:50] [ERROR] Insert error: SQLSTATE[HY000]: General error: 1 no such table: settings
[2025-09-22 22:43:50] [ERROR] Insert error: SQLSTATE[HY000]: General error: 1 no such table: settings
[2025-09-22 22:43:50] [ERROR] Insert error: SQLSTATE[HY000]: General error: 1 no such table: settings
[2025-09-22 22:43:50] [ERROR] Insert error: SQLSTATE[HY000]: General error: 1 no such table: settings
[2025-09-22 22:43:50] [ERROR] Insert error: SQLSTATE[HY000]: General error: 1 no such table: settings
[2025-09-22 22:43:50] [ERROR] Insert error: SQLSTATE[HY000]: General error: 1 no such table: settings
[2025-09-22 22:43:50] [INFO] POST request received: {"action":"create","csrf_token":"cbff34acce3d42a7425bacfe1355088b072061b862a88ac52ae927c13aae0264","title":"\u0422\u0435\u0441\u0442\u043e\u0432\u0430\u044f \u0443\u0441\u043b\u0443\u0433\u0430","category":"painting","description":"\u041e\u043f\u0438\u0441\u0430\u043d\u0438\u0435 \u0442\u0435\u0441\u0442\u043e\u0432\u043e\u0439 \u0443\u0441\u043b\u0443\u0433\u0438","price":"","price_type":"fixed","status":"active","priority":"0","meta_title":"","meta_description":"","keywords":""}
[2025-09-22 22:43:50] [INFO] FILES received: {"image":{"name":"","full_path":"","type":"","tmp_name":"","error":4,"size":0},"gallery":{"name":[""],"full_path":[""],"type":[""],"tmp_name":[""],"error":[4],"size":[0]}}
[2025-09-22 22:44:40] [ERROR] Error creating table users: SQLSTATE[HY000]: General error: 8 attempt to write a readonly database
[2025-09-22 22:44:40] [ERROR] Error creating table portfolio: SQLSTATE[HY000]: General error: 8 attempt to write a readonly database
[2025-09-22 22:44:40] [ERROR] Error creating table reviews: SQLSTATE[HY000]: General error: 8 attempt to write a readonly database
[2025-09-22 22:44:40] [ERROR] Error creating table blog_posts: SQLSTATE[HY000]: General error: 8 attempt to write a readonly database
[2025-09-22 22:44:40] [ERROR] Error creating table activity_log: SQLSTATE[HY000]: General error: 8 attempt to write a readonly database
[2025-09-22 22:44:40] [ERROR] Select error: SQLSTATE[HY000]: General error: 1 no such table: users
[2025-09-22 22:44:40] [ERROR] Insert error: SQLSTATE[HY000]: General error: 1 no such table: users
[2025-09-22 22:44:40] [ERROR] Insert error: SQLSTATE[HY000]: General error: 8 attempt to write a readonly database
[2025-09-22 22:44:40] [ERROR] Insert error: SQLSTATE[HY000]: General error: 8 attempt to write a readonly database
[2025-09-22 22:44:40] [ERROR] Insert error: SQLSTATE[HY000]: General error: 8 attempt to write a readonly database
[2025-09-22 22:44:40] [ERROR] Insert error: SQLSTATE[HY000]: General error: 8 attempt to write a readonly database
[2025-09-22 22:44:40] [ERROR] Insert error: SQLSTATE[HY000]: General error: 8 attempt to write a readonly database
[2025-09-22 22:44:40] [ERROR] Insert error: SQLSTATE[HY000]: General error: 8 attempt to write a readonly database
[2025-09-22 22:44:40] [ERROR] Select error: SQLSTATE[HY000]: General error: 1 no such table: portfolio
[2025-09-22 22:44:40] [ERROR] Insert error: SQLSTATE[HY000]: General error: 1 no such table: portfolio
[2025-09-22 22:44:40] [ERROR] Insert error: SQLSTATE[HY000]: General error: 1 no such table: portfolio
[2025-09-22 22:44:40] [ERROR] Insert error: SQLSTATE[HY000]: General error: 1 no such table: portfolio
[2025-09-22 22:44:40] [ERROR] Select error: SQLSTATE[HY000]: General error: 1 no such table: reviews
[2025-09-22 22:44:40] [ERROR] Insert error: SQLSTATE[HY000]: General error: 1 no such table: reviews
[2025-09-22 22:44:40] [ERROR] Insert error: SQLSTATE[HY000]: General error: 1 no such table: reviews
[2025-09-22 22:44:40] [ERROR] Insert error: SQLSTATE[HY000]: General error: 1 no such table: reviews
[2025-09-22 22:44:40] [ERROR] Insert error: SQLSTATE[HY000]: General error: 1 no such table: reviews
[2025-09-22 22:44:40] [ERROR] Insert error: SQLSTATE[HY000]: General error: 1 no such table: reviews
[2025-09-22 22:44:40] [ERROR] Insert error: SQLSTATE[HY000]: General error: 1 no such table: reviews
[2025-09-22 22:44:40] [ERROR] Select error: SQLSTATE[HY000]: General error: 1 no such table: blog_posts
[2025-09-22 22:44:40] [ERROR] Insert error: SQLSTATE[HY000]: General error: 1 no such table: blog_posts
[2025-09-22 22:44:40] [ERROR] Insert error: SQLSTATE[HY000]: General error: 1 no such table: blog_posts
[2025-09-22 22:44:40] [ERROR] Insert error: SQLSTATE[HY000]: General error: 1 no such table: blog_posts
[2025-09-22 22:44:40] [ERROR] Insert error: SQLSTATE[HY000]: General error: 1 no such table: blog_posts
[2025-09-22 22:44:40] [ERROR] Insert error: SQLSTATE[HY000]: General error: 8 attempt to write a readonly database
[2025-09-22 22:44:40] [ERROR] Insert error: SQLSTATE[HY000]: General error: 8 attempt to write a readonly database
[2025-09-22 22:44:40] [ERROR] Insert error: SQLSTATE[HY000]: General error: 8 attempt to write a readonly database
[2025-09-22 22:44:40] [ERROR] Insert error: SQLSTATE[HY000]: General error: 8 attempt to write a readonly database
[2025-09-22 22:44:40] [ERROR] Insert error: SQLSTATE[HY000]: General error: 8 attempt to write a readonly database
[2025-09-22 22:44:40] [ERROR] Insert error: SQLSTATE[HY000]: General error: 8 attempt to write a readonly database
[2025-09-22 22:44:40] [ERROR] Insert error: SQLSTATE[HY000]: General error: 8 attempt to write a readonly database
[2025-09-22 22:44:40] [ERROR] Insert error: SQLSTATE[HY000]: General error: 8 attempt to write a readonly database
[2025-09-22 22:44:40] [ERROR] Insert error: SQLSTATE[HY000]: General error: 8 attempt to write a readonly database
[2025-09-22 22:44:40] [ERROR] Insert error: SQLSTATE[HY000]: General error: 8 attempt to write a readonly database
[2025-09-22 22:44:40] [ERROR] Insert error: SQLSTATE[HY000]: General error: 8 attempt to write a readonly database
[2025-09-22 22:44:40] [ERROR] Insert error: SQLSTATE[HY000]: General error: 8 attempt to write a readonly database
[2025-09-22 22:44:40] [ERROR] Insert error: SQLSTATE[HY000]: General error: 8 attempt to write a readonly database
[2025-09-22 22:44:40] [ERROR] Insert error: SQLSTATE[HY000]: General error: 8 attempt to write a readonly database
[2025-09-22 22:44:49] [ERROR] Error creating table users: SQLSTATE[HY000]: General error: 8 attempt to write a readonly database
[2025-09-22 22:44:49] [ERROR] Error creating table portfolio: SQLSTATE[HY000]: General error: 8 attempt to write a readonly database
[2025-09-22 22:44:49] [ERROR] Error creating table reviews: SQLSTATE[HY000]: General error: 8 attempt to write a readonly database
[2025-09-22 22:44:49] [ERROR] Error creating table blog_posts: SQLSTATE[HY000]: General error: 8 attempt to write a readonly database
[2025-09-22 22:44:49] [ERROR] Error creating table activity_log: SQLSTATE[HY000]: General error: 8 attempt to write a readonly database
[2025-09-22 22:44:49] [ERROR] Select error: SQLSTATE[HY000]: General error: 1 no such table: users
[2025-09-22 22:44:49] [ERROR] Insert error: SQLSTATE[HY000]: General error: 1 no such table: users
[2025-09-22 22:44:49] [ERROR] Insert error: SQLSTATE[HY000]: General error: 8 attempt to write a readonly database
[2025-09-22 22:44:49] [ERROR] Insert error: SQLSTATE[HY000]: General error: 8 attempt to write a readonly database
[2025-09-22 22:44:49] [ERROR] Insert error: SQLSTATE[HY000]: General error: 8 attempt to write a readonly database
[2025-09-22 22:44:49] [ERROR] Insert error: SQLSTATE[HY000]: General error: 8 attempt to write a readonly database
[2025-09-22 22:44:49] [ERROR] Insert error: SQLSTATE[HY000]: General error: 8 attempt to write a readonly database
[2025-09-22 22:44:49] [ERROR] Insert error: SQLSTATE[HY000]: General error: 8 attempt to write a readonly database
[2025-09-22 22:44:49] [ERROR] Select error: SQLSTATE[HY000]: General error: 1 no such table: portfolio
[2025-09-22 22:44:49] [ERROR] Insert error: SQLSTATE[HY000]: General error: 1 no such table: portfolio
[2025-09-22 22:44:49] [ERROR] Insert error: SQLSTATE[HY000]: General error: 1 no such table: portfolio
[2025-09-22 22:44:49] [ERROR] Insert error: SQLSTATE[HY000]: General error: 1 no such table: portfolio
[2025-09-22 22:44:49] [ERROR] Select error: SQLSTATE[HY000]: General error: 1 no such table: reviews
[2025-09-22 22:44:49] [ERROR] Insert error: SQLSTATE[HY000]: General error: 1 no such table: reviews
[2025-09-22 22:44:49] [ERROR] Insert error: SQLSTATE[HY000]: General error: 1 no such table: reviews
[2025-09-22 22:44:49] [ERROR] Insert error: SQLSTATE[HY000]: General error: 1 no such table: reviews
[2025-09-22 22:44:49] [ERROR] Insert error: SQLSTATE[HY000]: General error: 1 no such table: reviews
[2025-09-22 22:44:49] [ERROR] Insert error: SQLSTATE[HY000]: General error: 1 no such table: reviews
[2025-09-22 22:44:49] [ERROR] Insert error: SQLSTATE[HY000]: General error: 1 no such table: reviews
[2025-09-22 22:44:49] [ERROR] Select error: SQLSTATE[HY000]: General error: 1 no such table: blog_posts
[2025-09-22 22:44:49] [ERROR] Insert error: SQLSTATE[HY000]: General error: 1 no such table: blog_posts
[2025-09-22 22:44:49] [ERROR] Insert error: SQLSTATE[HY000]: General error: 1 no such table: blog_posts
[2025-09-22 22:44:49] [ERROR] Insert error: SQLSTATE[HY000]: General error: 1 no such table: blog_posts
[2025-09-22 22:44:49] [ERROR] Insert error: SQLSTATE[HY000]: General error: 1 no such table: blog_posts
[2025-09-22 22:44:49] [ERROR] Insert error: SQLSTATE[HY000]: General error: 8 attempt to write a readonly database
[2025-09-22 22:44:49] [ERROR] Insert error: SQLSTATE[HY000]: General error: 8 attempt to write a readonly database
[2025-09-22 22:44:49] [ERROR] Insert error: SQLSTATE[HY000]: General error: 8 attempt to write a readonly database
[2025-09-22 22:44:49] [ERROR] Insert error: SQLSTATE[HY000]: General error: 8 attempt to write a readonly database
[2025-09-22 22:44:49] [ERROR] Insert error: SQLSTATE[HY000]: General error: 8 attempt to write a readonly database
[2025-09-22 22:44:49] [ERROR] Insert error: SQLSTATE[HY000]: General error: 8 attempt to write a readonly database
[2025-09-22 22:44:49] [ERROR] Insert error: SQLSTATE[HY000]: General error: 8 attempt to write a readonly database
[2025-09-22 22:44:49] [ERROR] Insert error: SQLSTATE[HY000]: General error: 8 attempt to write a readonly database
[2025-09-22 22:44:49] [ERROR] Insert error: SQLSTATE[HY000]: General error: 8 attempt to write a readonly database
[2025-09-22 22:44:49] [ERROR] Insert error: SQLSTATE[HY000]: General error: 8 attempt to write a readonly database
[2025-09-22 22:44:49] [ERROR] Insert error: SQLSTATE[HY000]: General error: 8 attempt to write a readonly database
[2025-09-22 22:44:49] [ERROR] Insert error: SQLSTATE[HY000]: General error: 8 attempt to write a readonly database
[2025-09-22 22:44:49] [ERROR] Insert error: SQLSTATE[HY000]: General error: 8 attempt to write a readonly database
[2025-09-22 22:44:49] [ERROR] Insert error: SQLSTATE[HY000]: General error: 8 attempt to write a readonly database
[2025-09-22 22:44:49] [INFO] POST request received: {"action":"create","csrf_token":"cbff34acce3d42a7425bacfe1355088b072061b862a88ac52ae927c13aae0264","title":"\u0422\u0435\u0441\u0442\u043e\u0432\u0430\u044f \u0443\u0441\u043b\u0443\u0433\u0430","category":"painting","description":"\u041e\u043f\u0438\u0441\u0430\u043d\u0438\u0435 \u0442\u0435\u0441\u0442\u043e\u0432\u043e\u0439 \u0443\u0441\u043b\u0443\u0433\u0438","price":"","price_type":"fixed","status":"active","priority":"0","meta_title":"","meta_description":"","keywords":""}
[2025-09-22 22:44:49] [INFO] FILES received: {"image":{"name":"","full_path":"","type":"","tmp_name":"","error":4,"size":0},"gallery":{"name":[""],"full_path":[""],"type":[""],"tmp_name":[""],"error":[4],"size":[0]}}
[2025-09-22 22:44:58] [ERROR] Error creating table users: SQLSTATE[HY000]: General error: 8 attempt to write a readonly database
[2025-09-22 22:44:58] [ERROR] Error creating table portfolio: SQLSTATE[HY000]: General error: 8 attempt to write a readonly database
[2025-09-22 22:44:58] [ERROR] Error creating table reviews: SQLSTATE[HY000]: General error: 8 attempt to write a readonly database
[2025-09-22 22:44:58] [ERROR] Error creating table blog_posts: SQLSTATE[HY000]: General error: 8 attempt to write a readonly database
[2025-09-22 22:44:58] [ERROR] Error creating table activity_log: SQLSTATE[HY000]: General error: 8 attempt to write a readonly database
[2025-09-22 22:44:58] [ERROR] Select error: SQLSTATE[HY000]: General error: 1 no such table: users
[2025-09-22 22:44:59] [ERROR] Insert error: SQLSTATE[HY000]: General error: 1 no such table: users
[2025-09-22 22:44:59] [ERROR] Insert error: SQLSTATE[HY000]: General error: 8 attempt to write a readonly database
[2025-09-22 22:44:59] [ERROR] Insert error: SQLSTATE[HY000]: General error: 8 attempt to write a readonly database
[2025-09-22 22:44:59] [ERROR] Insert error: SQLSTATE[HY000]: General error: 8 attempt to write a readonly database
[2025-09-22 22:44:59] [ERROR] Insert error: SQLSTATE[HY000]: General error: 8 attempt to write a readonly database
[2025-09-22 22:44:59] [ERROR] Insert error: SQLSTATE[HY000]: General error: 8 attempt to write a readonly database
[2025-09-22 22:44:59] [ERROR] Insert error: SQLSTATE[HY000]: General error: 8 attempt to write a readonly database
[2025-09-22 22:44:59] [ERROR] Select error: SQLSTATE[HY000]: General error: 1 no such table: portfolio
[2025-09-22 22:44:59] [ERROR] Insert error: SQLSTATE[HY000]: General error: 1 no such table: portfolio
[2025-09-22 22:44:59] [ERROR] Insert error: SQLSTATE[HY000]: General error: 1 no such table: portfolio
[2025-09-22 22:44:59] [ERROR] Insert error: SQLSTATE[HY000]: General error: 1 no such table: portfolio
[2025-09-22 22:44:59] [ERROR] Select error: SQLSTATE[HY000]: General error: 1 no such table: reviews
[2025-09-22 22:44:59] [ERROR] Insert error: SQLSTATE[HY000]: General error: 1 no such table: reviews
[2025-09-22 22:44:59] [ERROR] Insert error: SQLSTATE[HY000]: General error: 1 no such table: reviews
[2025-09-22 22:44:59] [ERROR] Insert error: SQLSTATE[HY000]: General error: 1 no such table: reviews
[2025-09-22 22:44:59] [ERROR] Insert error: SQLSTATE[HY000]: General error: 1 no such table: reviews
[2025-09-22 22:44:59] [ERROR] Insert error: SQLSTATE[HY000]: General error: 1 no such table: reviews
[2025-09-22 22:44:59] [ERROR] Insert error: SQLSTATE[HY000]: General error: 1 no such table: reviews
[2025-09-22 22:44:59] [ERROR] Select error: SQLSTATE[HY000]: General error: 1 no such table: blog_posts
[2025-09-22 22:44:59] [ERROR] Insert error: SQLSTATE[HY000]: General error: 1 no such table: blog_posts
[2025-09-22 22:44:59] [ERROR] Insert error: SQLSTATE[HY000]: General error: 1 no such table: blog_posts
[2025-09-22 22:44:59] [ERROR] Insert error: SQLSTATE[HY000]: General error: 1 no such table: blog_posts
[2025-09-22 22:44:59] [ERROR] Insert error: SQLSTATE[HY000]: General error: 1 no such table: blog_posts
[2025-09-22 22:44:59] [ERROR] Insert error: SQLSTATE[HY000]: General error: 8 attempt to write a readonly database
[2025-09-22 22:44:59] [ERROR] Insert error: SQLSTATE[HY000]: General error: 8 attempt to write a readonly database
[2025-09-22 22:44:59] [ERROR] Insert error: SQLSTATE[HY000]: General error: 8 attempt to write a readonly database
[2025-09-22 22:44:59] [ERROR] Insert error: SQLSTATE[HY000]: General error: 8 attempt to write a readonly database
[2025-09-22 22:44:59] [ERROR] Insert error: SQLSTATE[HY000]: General error: 8 attempt to write a readonly database
[2025-09-22 22:44:59] [ERROR] Insert error: SQLSTATE[HY000]: General error: 8 attempt to write a readonly database
[2025-09-22 22:44:59] [ERROR] Insert error: SQLSTATE[HY000]: General error: 8 attempt to write a readonly database
[2025-09-22 22:44:59] [ERROR] Insert error: SQLSTATE[HY000]: General error: 8 attempt to write a readonly database
[2025-09-22 22:44:59] [ERROR] Insert error: SQLSTATE[HY000]: General error: 8 attempt to write a readonly database
[2025-09-22 22:44:59] [ERROR] Insert error: SQLSTATE[HY000]: General error: 8 attempt to write a readonly database
[2025-09-22 22:44:59] [ERROR] Insert error: SQLSTATE[HY000]: General error: 8 attempt to write a readonly database
[2025-09-22 22:44:59] [ERROR] Insert error: SQLSTATE[HY000]: General error: 8 attempt to write a readonly database
[2025-09-22 22:44:59] [ERROR] Insert error: SQLSTATE[HY000]: General error: 8 attempt to write a readonly database
[2025-09-22 22:44:59] [ERROR] Insert error: SQLSTATE[HY000]: General error: 8 attempt to write a readonly database
[2025-09-22 22:45:08] [ERROR] Error creating table users: SQLSTATE[HY000]: General error: 8 attempt to write a readonly database
[2025-09-22 22:45:08] [ERROR] Error creating table portfolio: SQLSTATE[HY000]: General error: 8 attempt to write a readonly database
[2025-09-22 22:45:08] [ERROR] Error creating table reviews: SQLSTATE[HY000]: General error: 8 attempt to write a readonly database
[2025-09-22 22:45:08] [ERROR] Error creating table blog_posts: SQLSTATE[HY000]: General error: 8 attempt to write a readonly database
[2025-09-22 22:45:08] [ERROR] Error creating table activity_log: SQLSTATE[HY000]: General error: 8 attempt to write a readonly database
[2025-09-22 22:45:08] [ERROR] Select error: SQLSTATE[HY000]: General error: 1 no such table: users
[2025-09-22 22:45:08] [ERROR] Insert error: SQLSTATE[HY000]: General error: 1 no such table: users
[2025-09-22 22:45:08] [ERROR] Insert error: SQLSTATE[HY000]: General error: 8 attempt to write a readonly database
[2025-09-22 22:45:08] [ERROR] Insert error: SQLSTATE[HY000]: General error: 8 attempt to write a readonly database
[2025-09-22 22:45:08] [ERROR] Insert error: SQLSTATE[HY000]: General error: 8 attempt to write a readonly database
[2025-09-22 22:45:08] [ERROR] Insert error: SQLSTATE[HY000]: General error: 8 attempt to write a readonly database
[2025-09-22 22:45:08] [ERROR] Insert error: SQLSTATE[HY000]: General error: 8 attempt to write a readonly database
[2025-09-22 22:45:08] [ERROR] Insert error: SQLSTATE[HY000]: General error: 8 attempt to write a readonly database
[2025-09-22 22:45:08] [ERROR] Select error: SQLSTATE[HY000]: General error: 1 no such table: portfolio
[2025-09-22 22:45:08] [ERROR] Insert error: SQLSTATE[HY000]: General error: 1 no such table: portfolio
[2025-09-22 22:45:08] [ERROR] Insert error: SQLSTATE[HY000]: General error: 1 no such table: portfolio
[2025-09-22 22:45:08] [ERROR] Insert error: SQLSTATE[HY000]: General error: 1 no such table: portfolio
[2025-09-22 22:45:08] [ERROR] Select error: SQLSTATE[HY000]: General error: 1 no such table: reviews
[2025-09-22 22:45:08] [ERROR] Insert error: SQLSTATE[HY000]: General error: 1 no such table: reviews
[2025-09-22 22:45:08] [ERROR] Insert error: SQLSTATE[HY000]: General error: 1 no such table: reviews
[2025-09-22 22:45:08] [ERROR] Insert error: SQLSTATE[HY000]: General error: 1 no such table: reviews
[2025-09-22 22:45:08] [ERROR] Insert error: SQLSTATE[HY000]: General error: 1 no such table: reviews
[2025-09-22 22:45:08] [ERROR] Insert error: SQLSTATE[HY000]: General error: 1 no such table: reviews
[2025-09-22 22:45:08] [ERROR] Insert error: SQLSTATE[HY000]: General error: 1 no such table: reviews
[2025-09-22 22:45:08] [ERROR] Select error: SQLSTATE[HY000]: General error: 1 no such table: blog_posts
[2025-09-22 22:45:08] [ERROR] Insert error: SQLSTATE[HY000]: General error: 1 no such table: blog_posts
[2025-09-22 22:45:08] [ERROR] Insert error: SQLSTATE[HY000]: General error: 1 no such table: blog_posts
[2025-09-22 22:45:08] [ERROR] Insert error: SQLSTATE[HY000]: General error: 1 no such table: blog_posts
[2025-09-22 22:45:08] [ERROR] Insert error: SQLSTATE[HY000]: General error: 1 no such table: blog_posts
[2025-09-22 22:45:08] [ERROR] Insert error: SQLSTATE[HY000]: General error: 8 attempt to write a readonly database
[2025-09-22 22:45:08] [ERROR] Insert error: SQLSTATE[HY000]: General error: 8 attempt to write a readonly database
[2025-09-22 22:45:08] [ERROR] Insert error: SQLSTATE[HY000]: General error: 8 attempt to write a readonly database
[2025-09-22 22:45:08] [ERROR] Insert error: SQLSTATE[HY000]: General error: 8 attempt to write a readonly database
[2025-09-22 22:45:08] [ERROR] Insert error: SQLSTATE[HY000]: General error: 8 attempt to write a readonly database
[2025-09-22 22:45:08] [ERROR] Insert error: SQLSTATE[HY000]: General error: 8 attempt to write a readonly database
[2025-09-22 22:45:08] [ERROR] Insert error: SQLSTATE[HY000]: General error: 8 attempt to write a readonly database
[2025-09-22 22:45:08] [ERROR] Insert error: SQLSTATE[HY000]: General error: 8 attempt to write a readonly database
[2025-09-22 22:45:08] [ERROR] Insert error: SQLSTATE[HY000]: General error: 8 attempt to write a readonly database
[2025-09-22 22:45:08] [ERROR] Insert error: SQLSTATE[HY000]: General error: 8 attempt to write a readonly database
[2025-09-22 22:45:08] [ERROR] Insert error: SQLSTATE[HY000]: General error: 8 attempt to write a readonly database
[2025-09-22 22:45:08] [ERROR] Insert error: SQLSTATE[HY000]: General error: 8 attempt to write a readonly database
[2025-09-22 22:45:08] [ERROR] Insert error: SQLSTATE[HY000]: General error: 8 attempt to write a readonly database
[2025-09-22 22:45:08] [ERROR] Insert error: SQLSTATE[HY000]: General error: 8 attempt to write a readonly database
[2025-09-22 22:45:08] [INFO] POST request received: {"action":"create","csrf_token":"cbff34acce3d42a7425bacfe1355088b072061b862a88ac52ae927c13aae0264","title":"\u0422\u0435\u0441\u0442\u043e\u0432\u0430\u044f \u0443\u0441\u043b\u0443\u0433\u0430","category":"painting","description":"\u041e\u043f\u0438\u0441\u0430\u043d\u0438\u0435 \u0442\u0435\u0441\u0442\u043e\u0432\u043e\u0439 \u0443\u0441\u043b\u0443\u0433\u0438","price":"","price_type":"fixed","status":"active","priority":"0","meta_title":"","meta_description":"","keywords":""}
[2025-09-22 22:45:08] [INFO] FILES received: {"image":{"name":"","full_path":"","type":"","tmp_name":"","error":4,"size":0},"gallery":{"name":[""],"full_path":[""],"type":[""],"tmp_name":[""],"error":[4],"size":[0]}}
[2025-09-22 22:45:48] [INFO] POST request received: {"action":"create","csrf_token":"cbff34acce3d42a7425bacfe1355088b072061b862a88ac52ae927c13aae0264","title":"\u0422\u0435\u0441\u0442\u043e\u0432\u0430\u044f \u0443\u0441\u043b\u0443\u0433\u0430","category":"painting","description":"\u041e\u043f\u0438\u0441\u0430\u043d\u0438\u0435 \u0442\u0435\u0441\u0442\u043e\u0432\u043e\u0439 \u0443\u0441\u043b\u0443\u0433\u0438","price":"","price_type":"fixed","status":"active","priority":"0","meta_title":"","meta_description":"","keywords":""}
[2025-09-22 22:45:48] [INFO] FILES received: {"image":{"name":"","full_path":"","type":"","tmp_name":"","error":4,"size":0},"gallery":{"name":[""],"full_path":[""],"type":[""],"tmp_name":[""],"error":[4],"size":[0]}}
[2025-09-22 22:46:46] [INFO] POST request received: {"action":"delete","csrf_token":"cbff34acce3d42a7425bacfe1355088b072061b862a88ac52ae927c13aae0264"}
[2025-09-22 22:46:46] [INFO] FILES received: []
[2025-09-22 22:47:03] [INFO] POST request received: {"action":"update","csrf_token":"cbff34acce3d42a7425bacfe1355088b072061b862a88ac52ae927c13aae0264","title":"\u041c\u0430\u043b\u044f\u0440\u043d\u044b\u0435 \u0440\u0430\u0431\u043e\u0442\u044b","category":"painting","description":"\u041f\u0440\u043e\u0444\u0435\u0441\u0441\u0438\u043e\u043d\u0430\u043b\u044c\u043d\u0430\u044f \u043f\u043e\u043a\u0440\u0430\u0441\u043a\u0430 \u0441\u0442\u0435\u043d, \u043f\u043e\u0442\u043e\u043b\u043a\u043e\u0432 \u0438 \u0434\u0435\u043a\u043e\u0440\u0430\u0442\u0438\u0432\u043d\u044b\u0445 \u044d\u043b\u0435\u043c\u0435\u043d\u0442\u043e\u0432. \u0418\u0441\u043f\u043e\u043b\u044c\u0437\u0443\u0435\u043c \u0442\u043e\u043b\u044c\u043a\u043e \u043a\u0430\u0447\u0435\u0441\u0442\u0432\u0435\u043d\u043d\u044b\u0435 \u043c\u0430\u0442\u0435\u0440\u0438\u0430\u043b\u044b \u0438 \u0441\u043e\u0432\u0440\u0435\u043c\u0435\u043d\u043d\u044b\u0435 \u0442\u0435\u0445\u043d\u043e\u043b\u043e\u0433\u0438\u0438 \u043d\u0430\u043d\u0435\u0441\u0435\u043d\u0438\u044f. \u041f\u043e\u0434\u0433\u043e\u0442\u043e\u0432\u043a\u0430 \u043f\u043e\u0432\u0435\u0440\u0445\u043d\u043e\u0441\u0442\u0438, \u0433\u0440\u0443\u043d\u0442\u043e\u0432\u043a\u0430, \u0448\u043f\u0430\u043a\u043b\u0435\u0432\u043a\u0430 \u0438 \u0444\u0438\u043d\u0438\u0448\u043d\u043e\u0435 \u043f\u043e\u043a\u0440\u044b\u0442","price":"25","price_type":"per_m2","status":"active","priority":"100","meta_title":"\u041c\u0430\u043b\u044f\u0440\u043d\u044b\u0435 \u0440\u0430\u0431\u043e\u0442\u044b \u0432\u043e \u0424\u0440\u0430\u043d\u043a\u0444\u0443\u0440\u0442\u0435 | \u041f\u0440\u043e\u0444\u0435\u0441\u0441\u0438\u043e\u043d\u0430\u043b\u044c\u043d\u0430\u044f \u043f\u043e\u043a\u0440\u0430\u0441\u043a\u0430","meta_description":"\u041a\u0430\u0447\u0435\u0441\u0442\u0432\u0435\u043d\u043d\u044b\u0435 \u043c\u0430\u043b\u044f\u0440\u043d\u044b\u0435 \u0440\u0430\u0431\u043e\u0442\u044b \u0432 \u0424\u0440\u0430\u043d\u043a\u0444\u0443\u0440\u0442\u0435. \u041f\u043e\u043a\u0440\u0430\u0441\u043a\u0430 \u0441\u0442\u0435\u043d, \u043f\u043e\u0442\u043e\u043b\u043a\u043e\u0432, \u0434\u0435\u043a\u043e\u0440\u0430\u0442\u0438\u0432\u043d\u044b\u0435 \u043f\u043e\u043a\u0440\u044b\u0442\u0438\u044f. \u0413\u0430\u0440\u0430\u043d\u0442\u0438\u044f \u043a\u0430\u0447\u0435\u0441\u0442\u0432\u0430 \u0438 \u0434\u043e\u0441\u0442\u0443\u043f\u043d\u044b\u0435 \u0446\u0435\u043d\u044b.","keywords":"\u043c\u0430\u043b\u044f\u0440\u043d\u044b\u0435 \u0440\u0430\u0431\u043e\u0442\u044b \u0424\u0440\u0430\u043d\u043a\u0444\u0443\u0440\u0442, \u043f\u043e\u043a\u0440\u0430\u0441\u043a\u0430 \u0441\u0442\u0435\u043d, \u043f\u043e\u043a\u0440\u0430\u0441\u043a\u0430 \u043f\u043e\u0442\u043e\u043b\u043a\u043e\u0432, \u0434\u0435\u043a\u043e\u0440\u0430\u0442\u0438\u0432\u043d\u044b\u0435 \u043f\u043e\u043a\u0440\u044b\u0442\u0438\u044f"}
[2025-09-22 22:47:03] [INFO] FILES received: {"image":{"name":"","full_path":"","type":"","tmp_name":"","error":4,"size":0},"gallery":{"name":[""],"full_path":[""],"type":[""],"tmp_name":[""],"error":[4],"size":[0]}}
[2025-09-22 23:05:12] [ERROR] Select error: SQLSTATE[HY000]: General error: 1 no such column: featured
